#-----------------------------------------------------------
# Vivado v2018.2 (64-bit)
# SW Build 2258646 on Thu Jun 14 20:03:12 MDT 2018
# IP Build 2256618 on Thu Jun 14 22:10:49 MDT 2018
# Start of session at: Wed Feb 19 10:50:36 2020
# Process ID: 5772
# Current directory: C:/Users/hc19596/OneDrive - University of Bristol/Digital Design/Assignment2/for_distribution/peak_detector
# Command line: vivado.exe -gui_launcher_event rodinguilauncherevent11580 C:\Users\hc19596\OneDrive - University of Bristol\Digital Design\Assignment2\for_distribution\peak_detector\peak_detector.xpr
# Log file: C:/Users/hc19596/OneDrive - University of Bristol/Digital Design/Assignment2/for_distribution/peak_detector/vivado.log
# Journal file: C:/Users/hc19596/OneDrive - University of Bristol/Digital Design/Assignment2/for_distribution/peak_detector\vivado.jou
#-----------------------------------------------------------
start_gui
open_project {C:/Users/hc19596/OneDrive - University of Bristol/Digital Design/Assignment2/for_distribution/peak_detector/peak_detector.xpr}
INFO: [ProjectBase 1-489] The host OS only allows 260 characters in a normal path. The project is stored in a path with more than 80 characters. If you experience issues with IP, Block Designs, or files not being found, please consider moving the project to a location with a shorter path. Alternately consider using the OS subst command to map part of the path to a drive letter.
Current project path is 'C:/Users/hc19596/OneDrive - University of Bristol/Digital Design/Assignment2/for_distribution/peak_detector'
Scanning sources...
Finished scanning sources
INFO: [IP_Flow 19-234] Refreshing IP repositories
INFO: [IP_Flow 19-1704] No user IP repositories specified
INFO: [IP_Flow 19-2313] Loaded Vivado IP repository 'C:/Xilinx/Vivado/2018.2/data/ip'.
open_project: Time (s): cpu = 00:00:17 ; elapsed = 00:01:22 . Memory (MB): peak = 879.461 ; gain = 128.621
update_compile_order -fileset sources_1
file mkdir C:/Users/hc19596/OneDrive - University of Bristol/Digital Design/Assignment2/for_distribution/peak_detector/peak_detector.srcs/sources_1/new
file mkdir C:/Users/hc19596/OneDrive - University of Bristol/Digital Design/Assignment2/for_distribution/peak_detector/peak_detector.srcs/sources_1/new
file mkdir C:/Users/hc19596/OneDrive - University of Bristol/Digital Design/Assignment2/for_distribution/peak_detector/peak_detector.srcs/sources_1/new
file mkdir C:/Users/hc19596/OneDrive - University of Bristol/Digital Design/Assignment2/for_distribution/peak_detector/peak_detector.srcs/sources_1/new
file mkdir C:/Users/hc19596/OneDrive - University of Bristol/Digital Design/Assignment2/for_distribution/peak_detector/peak_detector.srcs/sources_1/new
file mkdir C:/Users/hc19596/OneDrive - University of Bristol/Digital Design/Assignment2/for_distribution/peak_detector/peak_detector.srcs/sources_1/new
file mkdir C:/Users/hc19596/OneDrive - University of Bristol/Digital Design/Assignment2/for_distribution/peak_detector/peak_detector.srcs/sources_1/new
file mkdir C:/Users/hc19596/OneDrive - University of Bristol/Digital Design/Assignment2/for_distribution/peak_detector/peak_detector.srcs/sources_1/new
file mkdir C:/Users/hc19596/OneDrive - University of Bristol/Digital Design/Assignment2/for_distribution/peak_detector/peak_detector.srcs/sources_1/new
file mkdir C:/Users/hc19596/OneDrive - University of Bristol/Digital Design/Assignment2/for_distribution/peak_detector/peak_detector.srcs/sources_1/new
file mkdir C:/Users/hc19596/OneDrive - University of Bristol/Digital Design/Assignment2/for_distribution/peak_detector/peak_detector.srcs/sources_1/new
file mkdir C:/Users/hc19596/OneDrive - University of Bristol/Digital Design/Assignment2/for_distribution/peak_detector/peak_detector.srcs/sources_1/new
file mkdir C:/Users/hc19596/OneDrive - University of Bristol/Digital Design/Assignment2/for_distribution/peak_detector/peak_detector.srcs/sources_1/new
file mkdir {C:/Users/hc19596/OneDrive - University of Bristol/Digital Design/Assignment2/for_distribution/peak_detector/peak_detector.srcs/sources_1/new}
close [ open {C:/Users/hc19596/OneDrive - University of Bristol/Digital Design/Assignment2/for_distribution/peak_detector/peak_detector.srcs/sources_1/new/dataProcessor.vhd} w ]
add_files {{C:/Users/hc19596/OneDrive - University of Bristol/Digital Design/Assignment2/for_distribution/peak_detector/peak_detector.srcs/sources_1/new/dataProcessor.vhd}}
close [ open {C:/Users/hc19596/OneDrive - University of Bristol/Digital Design/Assignment2/for_distribution/peak_detector/peak_detector.srcs/sources_1/new/cmdProcessor.vhd} w ]
add_files {{C:/Users/hc19596/OneDrive - University of Bristol/Digital Design/Assignment2/for_distribution/peak_detector/peak_detector.srcs/sources_1/new/cmdProcessor.vhd}}
update_compile_order -fileset sources_1
update_compile_order -fileset sources_1
update_compile_order -fileset sources_1
update_compile_order -fileset sources_1
update_compile_order -fileset sources_1
add_files -norecurse {{C:/Users/hc19596/OneDrive - University of Bristol/Digital Design/Assignment2/for_distribution/peak_detector/peak_detector.srcs/sources_1/new/cmdProc.vhd} {C:/Users/hc19596/OneDrive - University of Bristol/Digital Design/Assignment2/for_distribution/peak_detector/peak_detector.srcs/sources_1/new/dataConsume.vhd}}
update_compile_order -fileset sources_1
exit
INFO: [Common 17-206] Exiting Vivado at Wed Feb 19 12:56:14 2020...
