#-----------------------------------------------------------
# Vivado v2019.2 (64-bit)
# SW Build 2708876 on Wed Nov  6 21:40:23 MST 2019
# IP Build 2700528 on Thu Nov  7 00:09:20 MST 2019
# Start of session at: Mon Feb 24 19:38:33 2020
# Process ID: 3340
# Current directory: G:/UOB Y2TB2/Lab/DD/Github/Digital-Design-Group-Project
# Command line: vivado.exe -gui_launcher_event rodinguilauncherevent5868 G:\UOB Y2TB2\Lab\DD\Github\Digital-Design-Group-Project\peak_detector.xpr
# Log file: G:/UOB Y2TB2/Lab/DD/Github/Digital-Design-Group-Project/vivado.log
# Journal file: G:/UOB Y2TB2/Lab/DD/Github/Digital-Design-Group-Project\vivado.jou
#-----------------------------------------------------------
start_gui
open_project {G:/UOB Y2TB2/Lab/DD/Github/Digital-Design-Group-Project/peak_detector.xpr}
INFO: [Project 1-313] Project file moved from 'C:/Users/hc19596/OneDrive - University of Bristol/Digital Design/Assignment2/for_distribution/peak_detector' since last save.
CRITICAL WARNING: [Project 1-311] Could not find the file 'G:/UOB Y2TB2/Lab/DD/Github/Digital-Design-Group-Project/peak_detector.srcs/sources_1/new/cmdProcessor.vhd', nor could it be found using path 'C:/Users/hc19596/OneDrive - University of Bristol/Digital Design/Assignment2/for_distribution/peak_detector/peak_detector.srcs/sources_1/new/cmdProcessor.vhd'.
CRITICAL WARNING: [Project 1-311] Could not find the file 'G:/UOB Y2TB2/Lab/DD/Github/Digital-Design-Group-Project/peak_detector.srcs/sources_1/new/dataProcessor.vhd', nor could it be found using path 'C:/Users/hc19596/OneDrive - University of Bristol/Digital Design/Assignment2/for_distribution/peak_detector/peak_detector.srcs/sources_1/new/dataProcessor.vhd'.
Scanning sources...
Finished scanning sources
WARNING: [Project 1-509] GeneratedRun file for 'synth_1' not found
WARNING: [Project 1-509] GeneratedRun file for 'clk_wiz_0_synth_1' not found
WARNING: [filemgmt 56-2] IPUserFilesDir: Could not find the directory 'G:/UOB Y2TB2/Lab/DD/Github/Digital-Design-Group-Project/peak_detector.ip_user_files', nor could it be found using path 'C:/Users/hc19596/OneDrive - University of Bristol/Digital Design/Assignment2/for_distribution/peak_detector/peak_detector.ip_user_files'.
INFO: [IP_Flow 19-234] Refreshing IP repositories
INFO: [IP_Flow 19-1704] No user IP repositories specified
INFO: [IP_Flow 19-2313] Loaded Vivado IP repository 'D:/Xilinx/Vivado/2019.2/data/ip'.
WARNING: [IP_Flow 19-2162] IP 'clk_wiz_0' is locked:
* IP definition 'Clocking Wizard (6.0)' for IP 'clk_wiz_0' (customized with software release 2018.2) has a different revision in the IP Catalog.
INFO: [Project 1-230] Project 'peak_detector.xpr' upgraded for this version of Vivado.
open_project: Time (s): cpu = 00:00:12 ; elapsed = 00:00:06 . Memory (MB): peak = 772.570 ; gain = 163.105
update_compile_order -fileset sources_1
report_ip_status -name ip_status 
export_ip_user_files -of_objects  [get_files {{G:/UOB Y2TB2/Lab/DD/Github/Digital-Design-Group-Project/peak_detector.srcs/sources_1/new/cmdProcessor.vhd}}] -no_script -reset -force -quiet
remove_files  {{G:/UOB Y2TB2/Lab/DD/Github/Digital-Design-Group-Project/peak_detector.srcs/sources_1/new/cmdProcessor.vhd}}
export_ip_user_files -of_objects  [get_files {{G:/UOB Y2TB2/Lab/DD/Github/Digital-Design-Group-Project/peak_detector.srcs/sources_1/new/dataProcessor.vhd}}] -no_script -reset -force -quiet
remove_files  {{G:/UOB Y2TB2/Lab/DD/Github/Digital-Design-Group-Project/peak_detector.srcs/sources_1/new/dataProcessor.vhd}}
remove_files  {{G:/UOB Y2TB2/Lab/DD/Github/Digital-Design-Group-Project/peak_detector.srcs/sources_1/new/cmdProcessor.vhd}}
WARNING: [Vivado 12-818] No files matched 'G:/UOB Y2TB2/Lab/DD/Github/Digital-Design-Group-Project/peak_detector.srcs/sources_1/new/cmdProcessor.vhd'
add_files -norecurse {{G:/UOB Y2TB2/Lab/DD/Github/Digital-Design-Group-Project/peak_detector.srcs/sources_1/new/cmdProc.vhd}}
WARNING: [filemgmt 56-12] File 'G:/UOB Y2TB2/Lab/DD/Github/Digital-Design-Group-Project/peak_detector.srcs/sources_1/new/cmdProc.vhd' cannot be added to the project because it already exists in the project, skipping this file
launch_runs synth_1 -jobs 6
WARNING: [filemgmt 20-1318] Duplicate Design Unit 'tb_dataGenConsume(test)' found in library 'xil_defaultlib'
Duplicate found at line 10 of file G:/UOB Y2TB2/Lab/DD/Github/Digital-Design-Group-Project/signed/tb_dataConsume_signed.vhd
	(Active) Duplicate found at line 46 of file G:/UOB Y2TB2/Lab/DD/Github/Digital-Design-Group-Project/signed/tb_dataGenConsume_signed.vhd
[Mon Feb 24 19:40:38 2020] Launched synth_1...
Run output will be captured here: G:/UOB Y2TB2/Lab/DD/Github/Digital-Design-Group-Project/peak_detector.runs/synth_1/runme.log
reset_run synth_1
launch_runs synth_1 -jobs 6
WARNING: [filemgmt 20-1318] Duplicate Design Unit 'tb_dataGenConsume(test)' found in library 'xil_defaultlib'
Duplicate found at line 10 of file G:/UOB Y2TB2/Lab/DD/Github/Digital-Design-Group-Project/signed/tb_dataConsume_signed.vhd
	(Active) Duplicate found at line 46 of file G:/UOB Y2TB2/Lab/DD/Github/Digital-Design-Group-Project/signed/tb_dataGenConsume_signed.vhd
[Mon Feb 24 19:41:13 2020] Launched synth_1...
Run output will be captured here: G:/UOB Y2TB2/Lab/DD/Github/Digital-Design-Group-Project/peak_detector.runs/synth_1/runme.log
exit
INFO: [Common 17-206] Exiting Vivado at Mon Feb 24 22:21:00 2020...
